[0314/121959.073:ERROR:process_info.cc(330)] VirtualQueryEx: 拒绝访问。 (0x5)
[0314/121959.074:ERROR:process_info.cc(547)] ReadMemoryInfo failed
[0314/121959.077:ERROR:process_reader_win.cc(99)] process 10600 not found
[0314/121959.077:ERROR:exception_snapshot_win.cc(87)] thread ID 4136 not found in process
[0314/121959.077:WARNING:crash_report_exception_handler.cc(60)] ProcessSnapshotWin::Initialize failed
[0314/121959.078:ERROR:scoped_process_suspend.cc(38)] NtResumeProcess: 已尝试访问正在退出的过程。  (0xc000010a)
[0314/140912.309:ERROR:process_info.cc(608)] range at 0xff5c4000, size 0x230 fully unreadable
[0314/140912.316:ERROR:process_info.cc(608)] range at 0xff5ce000, size 0xf84 fully unreadable
[0314/160828.641:ERROR:process_info.cc(608)] range at 0xfe80e000, size 0x230 fully unreadable
[0314/160828.647:ERROR:process_info.cc(608)] range at 0xfe80d000, size 0xf84 fully unreadable
[0314/200804.218:ERROR:process_info.cc(608)] range at 0xff08e000, size 0x230 fully unreadable
[0314/200804.233:ERROR:process_info.cc(608)] range at 0xff08d000, size 0xf84 fully unreadable
[0314/200804.233:ERROR:process_info.cc(608)] range at 0xff08a000, size 0xf84 fully unreadable
[0314/200804.233:ERROR:process_info.cc(608)] range at 0xff087000, size 0xf84 fully unreadable
[0314/200804.233:ERROR:process_info.cc(608)] range at 0xff04f000, size 0xf84 fully unreadable
[0314/200804.233:ERROR:process_info.cc(608)] range at 0xff04c000, size 0xf84 fully unreadable
[0314/200804.233:ERROR:process_info.cc(608)] range at 0xff049000, size 0xf84 fully unreadable
[0314/200804.233:ERROR:process_info.cc(608)] range at 0xff046000, size 0xf84 fully unreadable
[0314/200804.233:ERROR:process_info.cc(608)] range at 0xfef3f000, size 0xf84 fully unreadable
[0314/200804.233:ERROR:process_info.cc(608)] range at 0xfef3c000, size 0xf84 fully unreadable
[0314/200804.233:ERROR:process_info.cc(608)] range at 0xfef39000, size 0xf84 fully unreadable
[0314/200804.234:ERROR:process_info.cc(608)] range at 0xfef36000, size 0xf84 fully unreadable
[0314/200804.234:ERROR:process_info.cc(608)] range at 0xfef33000, size 0xf84 fully unreadable
[0314/200804.234:ERROR:process_info.cc(608)] range at 0xfef21000, size 0xf84 fully unreadable
[0314/200804.234:ERROR:process_info.cc(608)] range at 0xfef2d000, size 0xf84 fully unreadable
[0314/200804.234:ERROR:process_info.cc(608)] range at 0xfef27000, size 0xf84 fully unreadable
[0314/200804.234:ERROR:process_info.cc(608)] range at 0xfef30000, size 0xf84 fully unreadable
[0314/200804.234:ERROR:process_info.cc(608)] range at 0xfef24000, size 0xf84 fully unreadable
[0314/200804.234:ERROR:process_info.cc(608)] range at 0xfef18000, size 0xf84 fully unreadable
[0314/200804.234:ERROR:process_info.cc(608)] range at 0xfef15000, size 0xf84 fully unreadable
[0314/200804.234:ERROR:process_info.cc(608)] range at 0xfef12000, size 0xf84 fully unreadable
[0314/200804.235:ERROR:process_info.cc(608)] range at 0xfef2a000, size 0xf84 fully unreadable
[0314/200826.920:ERROR:process_info.cc(608)] range at 0xfe92f000, size 0x230 fully unreadable
[0314/200826.927:ERROR:process_info.cc(608)] range at 0xfe92e000, size 0xf84 fully unreadable
[0314/200827.077:ERROR:process_info.cc(608)] range at 0xff57a000, size 0x230 fully unreadable
[0314/200827.084:ERROR:process_info.cc(608)] range at 0xff57f000, size 0xf84 fully unreadable
